c:\users\oliver\documents\visual studio 2015\projects\spaceball\spaceball\release\vc140.pdb
c:\users\oliver\documents\visual studio 2015\projects\spaceball\spaceball\release\zombie.obj
c:\users\oliver\documents\visual studio 2015\projects\spaceball\spaceball\release\player.obj
c:\users\oliver\documents\visual studio 2015\projects\spaceball\spaceball\release\maingame.obj
c:\users\oliver\documents\visual studio 2015\projects\spaceball\spaceball\release\main.obj
c:\users\oliver\documents\visual studio 2015\projects\spaceball\spaceball\release\human.obj
c:\users\oliver\documents\visual studio 2015\projects\spaceball\spaceball\release\agent.obj
c:\users\oliver\documents\visual studio 2015\projects\spaceball\spaceball\release\bullet.obj
c:\users\oliver\documents\visual studio 2015\projects\spaceball\spaceball\release\gun.obj
c:\users\oliver\documents\visual studio 2015\projects\spaceball\spaceball\release\level.obj
c:\users\oliver\documents\visual studio 2015\projects\spaceball\release\spaceball.exe
c:\users\oliver\documents\visual studio 2015\projects\spaceball\release\spaceball.ipdb
c:\users\oliver\documents\visual studio 2015\projects\spaceball\release\spaceball.iobj
c:\users\oliver\documents\visual studio 2015\projects\spaceball\release\spaceball.pdb
c:\users\oliver\documents\visual studio 2015\projects\spaceball\spaceball\release\spaceball.tlog\cl.command.1.tlog
c:\users\oliver\documents\visual studio 2015\projects\spaceball\spaceball\release\spaceball.tlog\cl.read.1.tlog
c:\users\oliver\documents\visual studio 2015\projects\spaceball\spaceball\release\spaceball.tlog\cl.write.1.tlog
c:\users\oliver\documents\visual studio 2015\projects\spaceball\spaceball\release\spaceball.tlog\link.command.1.tlog
c:\users\oliver\documents\visual studio 2015\projects\spaceball\spaceball\release\spaceball.tlog\link.read.1.tlog
c:\users\oliver\documents\visual studio 2015\projects\spaceball\spaceball\release\spaceball.tlog\link.write.1.tlog
