c:\users\oliver\documents\visual studio 2015\projects\spaceball\spaceball\debug\vc140.pdb
c:\users\oliver\documents\visual studio 2015\projects\spaceball\spaceball\debug\vc140.idb
c:\users\oliver\documents\visual studio 2015\projects\spaceball\spaceball\debug\agent.obj
c:\users\oliver\documents\visual studio 2015\projects\spaceball\spaceball\debug\human.obj
c:\users\oliver\documents\visual studio 2015\projects\spaceball\spaceball\debug\level.obj
c:\users\oliver\documents\visual studio 2015\projects\spaceball\spaceball\debug\main.obj
c:\users\oliver\documents\visual studio 2015\projects\spaceball\spaceball\debug\player.obj
c:\users\oliver\documents\visual studio 2015\projects\spaceball\spaceball\debug\zombie.obj
c:\users\oliver\documents\visual studio 2015\projects\spaceball\spaceball\debug\maingame.obj
c:\users\oliver\documents\visual studio 2015\projects\spaceball\spaceball\debug\bullet.obj
c:\users\oliver\documents\visual studio 2015\projects\spaceball\spaceball\debug\gun.obj
c:\users\oliver\documents\visual studio 2015\projects\spaceball\debug\spaceball.ilk
c:\users\oliver\documents\visual studio 2015\projects\spaceball\debug\spaceball.exe
c:\users\oliver\documents\visual studio 2015\projects\spaceball\debug\spaceball.pdb
c:\users\oliver\documents\visual studio 2015\projects\spaceball\spaceball\debug\spaceball.tlog\cl.command.1.tlog
c:\users\oliver\documents\visual studio 2015\projects\spaceball\spaceball\debug\spaceball.tlog\cl.read.1.tlog
c:\users\oliver\documents\visual studio 2015\projects\spaceball\spaceball\debug\spaceball.tlog\cl.write.1.tlog
c:\users\oliver\documents\visual studio 2015\projects\spaceball\spaceball\debug\spaceball.tlog\link.command.1.tlog
c:\users\oliver\documents\visual studio 2015\projects\spaceball\spaceball\debug\spaceball.tlog\link.read.1.tlog
c:\users\oliver\documents\visual studio 2015\projects\spaceball\spaceball\debug\spaceball.tlog\link.write.1.tlog
