c:\users\oliver\documents\visual studio 2015\projects\spaceball\gengine\debug\gengine.pdb
c:\users\oliver\documents\visual studio 2015\projects\spaceball\gengine\debug\gengine.idb
c:\users\oliver\documents\visual studio 2015\projects\spaceball\gengine\debug\camera2d.obj
c:\users\oliver\documents\visual studio 2015\projects\spaceball\gengine\debug\errors.obj
c:\users\oliver\documents\visual studio 2015\projects\spaceball\gengine\debug\gengine.obj
c:\users\oliver\documents\visual studio 2015\projects\spaceball\gengine\debug\glslprogram.obj
c:\users\oliver\documents\visual studio 2015\projects\spaceball\gengine\debug\imageloader.obj
c:\users\oliver\documents\visual studio 2015\projects\spaceball\gengine\debug\inputmanager.obj
c:\users\oliver\documents\visual studio 2015\projects\spaceball\gengine\debug\iomanager.obj
c:\users\oliver\documents\visual studio 2015\projects\spaceball\gengine\debug\picopng.obj
c:\users\oliver\documents\visual studio 2015\projects\spaceball\gengine\debug\resourcemanager.obj
c:\users\oliver\documents\visual studio 2015\projects\spaceball\gengine\debug\sprite.obj
c:\users\oliver\documents\visual studio 2015\projects\spaceball\gengine\debug\spritebatch.obj
c:\users\oliver\documents\visual studio 2015\projects\spaceball\gengine\debug\texturecache.obj
c:\users\oliver\documents\visual studio 2015\projects\spaceball\gengine\debug\timing.obj
c:\users\oliver\documents\visual studio 2015\projects\spaceball\gengine\debug\window.obj
c:\users\oliver\documents\visual studio 2015\projects\spaceball\debug\gengine.lib
c:\users\oliver\documents\visual studio 2015\projects\spaceball\debug\gengine.pdb
c:\users\oliver\documents\visual studio 2015\projects\spaceball\gengine\debug\gengine.tlog\cl.command.1.tlog
c:\users\oliver\documents\visual studio 2015\projects\spaceball\gengine\debug\gengine.tlog\cl.read.1.tlog
c:\users\oliver\documents\visual studio 2015\projects\spaceball\gengine\debug\gengine.tlog\cl.write.1.tlog
c:\users\oliver\documents\visual studio 2015\projects\spaceball\gengine\debug\gengine.tlog\lib-link.read.1.tlog
c:\users\oliver\documents\visual studio 2015\projects\spaceball\gengine\debug\gengine.tlog\lib-link.write.1.tlog
c:\users\oliver\documents\visual studio 2015\projects\spaceball\gengine\debug\gengine.tlog\lib.command.1.tlog
