Build started 1/3/2016 12:38:33 PM.
     1>Project "C:\Users\Oliver\documents\visual studio 2015\Projects\SpaceBall\gengine\gengine.vcxproj" on node 2 (Build target(s)).
     1>ClCompile:
         C:\Program Files (x86)\Microsoft Visual Studio 14.0\VC\bin\CL.exe /c /Zi /nologo /W3 /WX- /sdl /O2 /Oi /Oy- /GL /D WIN32 /D NDEBUG /D _LIB /D _UNICODE /D UNICODE /Gm- /EHsc /MD /GS /Gy /fp:precise /Zc:wchar_t /Zc:forScope /Zc:inline /Fo"Release\\" /Fd"Release\gengine.pdb" /Gd /TP /analyze- /errorReport:prompt SpriteBatch.cpp
         SpriteBatch.cpp
     1>SpriteBatch.cpp(95): warning C4018: '<': signed/unsigned mismatch
     1>SpriteBatch.cpp(127): warning C4018: '<': signed/unsigned mismatch
     1>SpriteBatch.cpp(161): warning C4018: '<': signed/unsigned mismatch
       Lib:
         C:\Program Files (x86)\Microsoft Visual Studio 14.0\VC\bin\Lib.exe /OUT:"C:\Users\Oliver\documents\visual studio 2015\Projects\SpaceBall\Release\gengine.lib" /NOLOGO /LTCG Release\AudioEngine.obj
         Release\Camera2D.obj
         Release\GengineErrors.obj
         Release\gengine.obj
         Release\GLSLProgram.obj
         Release\ImageLoader.obj
         Release\InputManager.obj
         Release\IOManager.obj
         Release\ParticleBatch2D.obj
         Release\ParticleEngine2D.obj
         Release\picoPNG.obj
         Release\ResourceManager.obj
         Release\Sprite.obj
         Release\SpriteBatch.obj
         Release\SpriteFont.obj
         Release\TextureCache.obj
         Release\Timing.obj
         Release\Window.obj
         gengine.vcxproj -> C:\Users\Oliver\documents\visual studio 2015\Projects\SpaceBall\Release\gengine.lib
     1>Done Building Project "C:\Users\Oliver\documents\visual studio 2015\Projects\SpaceBall\gengine\gengine.vcxproj" (Build target(s)).

Build succeeded.

Time Elapsed 00:00:00.81
