c:\users\oliver\documents\visual studio 2015\projects\spaceball\gengine\release\gengine.pdb
c:\users\oliver\documents\visual studio 2015\projects\spaceball\gengine\release\window.obj
c:\users\oliver\documents\visual studio 2015\projects\spaceball\gengine\release\timing.obj
c:\users\oliver\documents\visual studio 2015\projects\spaceball\gengine\release\texturecache.obj
c:\users\oliver\documents\visual studio 2015\projects\spaceball\gengine\release\spritefont.obj
c:\users\oliver\documents\visual studio 2015\projects\spaceball\gengine\release\spritebatch.obj
c:\users\oliver\documents\visual studio 2015\projects\spaceball\gengine\release\sprite.obj
c:\users\oliver\documents\visual studio 2015\projects\spaceball\gengine\release\resourcemanager.obj
c:\users\oliver\documents\visual studio 2015\projects\spaceball\gengine\release\picopng.obj
c:\users\oliver\documents\visual studio 2015\projects\spaceball\gengine\release\iomanager.obj
c:\users\oliver\documents\visual studio 2015\projects\spaceball\gengine\release\inputmanager.obj
c:\users\oliver\documents\visual studio 2015\projects\spaceball\gengine\release\imageloader.obj
c:\users\oliver\documents\visual studio 2015\projects\spaceball\gengine\release\glslprogram.obj
c:\users\oliver\documents\visual studio 2015\projects\spaceball\gengine\release\gengine.obj
c:\users\oliver\documents\visual studio 2015\projects\spaceball\gengine\release\gengineerrors.obj
c:\users\oliver\documents\visual studio 2015\projects\spaceball\gengine\release\camera2d.obj
c:\users\oliver\documents\visual studio 2015\projects\spaceball\gengine\release\audioengine.obj
c:\users\oliver\documents\visual studio 2015\projects\spaceball\gengine\release\particlebatch2d.obj
c:\users\oliver\documents\visual studio 2015\projects\spaceball\release\gengine.lib
c:\users\oliver\documents\visual studio 2015\projects\spaceball\gengine\release\gengine.tlog\cl.command.1.tlog
c:\users\oliver\documents\visual studio 2015\projects\spaceball\gengine\release\gengine.tlog\cl.read.1.tlog
c:\users\oliver\documents\visual studio 2015\projects\spaceball\gengine\release\gengine.tlog\cl.write.1.tlog
c:\users\oliver\documents\visual studio 2015\projects\spaceball\gengine\release\gengine.tlog\lib-link.read.1.tlog
c:\users\oliver\documents\visual studio 2015\projects\spaceball\gengine\release\gengine.tlog\lib-link.write.1.tlog
c:\users\oliver\documents\visual studio 2015\projects\spaceball\gengine\release\gengine.tlog\lib.command.1.tlog
